# JRE version: Java(TM) SE Runtime Environment (10.0.2+13) (build 10.0.2+13)
# Java VM: Java HotSpot(TM) 64-Bit Server VM (10.0.2+13, mixed mode, tiered, compressed oops, g1 gc, linux-amd64)
Heap:
 garbage-first heap   total 307200K, used 86231K [0x00000000c5600000, 0x0000000100000000)
  region size 1024K, 1 young (1024K), 1 survivors (1024K)
 Metaspace       used 7270K, capacity 7404K, committed 7552K, reserved 1056768K
  class space    used 591K, capacity 611K, committed 640K, reserved 1048576K
GC Heap History (10 events):
Event: 4,843 GC heap after
{Heap after GC invocations=8 (full 0):
 garbage-first heap   total 78848K, used 67348K [0x00000000c5600000, 0x0000000100000000)
  region size 1024K, 1 young (1024K), 1 survivors (1024K)
 Metaspace       used 7275K, capacity 7411K, committed 7552K, reserved 1056768K
  class space    used 592K, capacity 614K, committed 640K, reserved 1048576K
}
Event: 4,867 GC heap before
{Heap before GC invocations=8 (full 0):
 garbage-first heap   total 78848K, used 69396K [0x00000000c5600000, 0x0000000100000000)
  region size 1024K, 3 young (3072K), 1 survivors (1024K)
 Metaspace       used 7275K, capacity 7411K, committed 7552K, reserved 1056768K
  class space    used 592K, capacity 614K, committed 640K, reserved 1048576K
}
Event: 4,880 GC heap after
{Heap after GC invocations=9 (full 0):
 garbage-first heap   total 102400K, used 69632K [0x00000000c5600000, 0x0000000100000000)
  region size 1024K, 1 young (1024K), 1 survivors (1024K)
 Metaspace       used 7275K, capacity 7411K, committed 7552K, reserved 1056768K
  class space    used 592K, capacity 614K, committed 640K, reserved 1048576K
}
Event: 4,923 GC heap before
{Heap before GC invocations=10 (full 0):
 garbage-first heap   total 102400K, used 71680K [0x00000000c5600000, 0x0000000100000000)
  region size 1024K, 7 young (7168K), 1 survivors (1024K)
 Metaspace       used 7270K, capacity 7404K, committed 7552K, reserved 1056768K
  class space    used 591K, capacity 611K, committed 640K, reserved 1048576K
}
Event: 4,947 GC heap after
{Heap after GC invocations=11 (full 0):
 garbage-first heap   total 102400K, used 71791K [0x00000000c5600000, 0x0000000100000000)
  region size 1024K, 1 young (1024K), 1 survivors (1024K)
 Metaspace       used 7270K, capacity 7404K, committed 7552K, reserved 1056768K
  class space    used 591K, capacity 611K, committed 640K, reserved 1048576K
}
Event: 4,965 GC heap before
{Heap before GC invocations=11 (full 0):
 garbage-first heap   total 102400K, used 76911K [0x00000000c5600000, 0x0000000100000000)
  region size 1024K, 6 young (6144K), 1 survivors (1024K)
 Metaspace       used 7270K, capacity 7404K, committed 7552K, reserved 1056768K
  class space    used 591K, capacity 611K, committed 640K, reserved 1048576K
}
Event: 4,983 GC heap after
{Heap after GC invocations=12 (full 0):
 garbage-first heap   total 102400K, used 77312K [0x00000000c5600000, 0x0000000100000000)
  region size 1024K, 1 young (1024K), 1 survivors (1024K)
 Metaspace       used 7270K, capacity 7404K, committed 7552K, reserved 1056768K
  class space    used 591K, capacity 611K, committed 640K, reserved 1048576K
}
Event: 5,586 GC heap before
{Heap before GC invocations=12 (full 0):
 garbage-first heap   total 102400K, used 88576K [0x00000000c5600000, 0x0000000100000000)
  region size 1024K, 5 young (5120K), 1 survivors (1024K)
 Metaspace       used 7270K, capacity 7404K, committed 7552K, reserved 1056768K
  class space    used 591K, capacity 611K, committed 640K, reserved 1048576K
}
Event: 6,522 GC heap after
{Heap after GC invocations=13 (full 0):
 garbage-first heap   total 102400K, used 89080K [0x00000000c5600000, 0x0000000100000000)
  region size 1024K, 1 young (1024K), 1 survivors (1024K)
 Metaspace       used 7270K, capacity 7404K, committed 7552K, reserved 1056768K
  class space    used 591K, capacity 611K, committed 640K, reserved 1048576K
}
Event: 6,820 GC heap before
{Heap before GC invocations=14 (full 0):
 garbage-first heap   total 102400K, used 86008K [0x00000000c5600000, 0x0000000100000000)
  region size 1024K, 5 young (5120K), 1 survivors (1024K)
 Metaspace       used 7270K, capacity 7404K, committed 7552K, reserved 1056768K
  class space    used 591K, capacity 611K, committed 640K, reserved 1048576K
}

